2025-01-21 19:59:30,456 - celery.utils.functional - DEBUG - 
def unlock_chord(self, group_id, callback, interval=0, max_retries=1, result=2, Result=3, GroupResult=4, result_from_tuple=5, **kwargs):
    return 1

2025-01-21 19:59:30,456 - celery.utils.functional - DEBUG - 
def group(self, tasks, result, group_id, partial_args, add_to_parent=0):
    return 1

2025-01-21 19:59:30,456 - celery.utils.functional - DEBUG - 
def xmap(task, it):
    return 1

2025-01-21 19:59:30,457 - celery.utils.functional - DEBUG - 
def backend_cleanup():
    return 1

2025-01-21 19:59:30,457 - celery.utils.functional - DEBUG - 
def chain(*args, **kwargs):
    return 1

2025-01-21 19:59:30,457 - celery.utils.functional - DEBUG - 
def xstarmap(task, it):
    return 1

2025-01-21 19:59:30,457 - celery.utils.functional - DEBUG - 
def accumulate(self, *args, **kwargs):
    return 1

2025-01-21 19:59:30,457 - celery.utils.functional - DEBUG - 
def execute_submission(language_id, source_code, stdin, expected_output):
    return 1

2025-01-21 19:59:30,457 - celery.utils.functional - DEBUG - 
def chord(self, header, body, partial_args=0, interval=1, countdown=2, max_retries=3, eager=4, **kwargs):
    return 1

2025-01-21 19:59:30,457 - celery.utils.functional - DEBUG - 
def chunks(task, it, n):
    return 1

2025-01-21 20:00:01,162 - celery.utils.functional - DEBUG - 
def backend_cleanup():
    return 1

2025-01-21 20:00:01,163 - celery.utils.functional - DEBUG - 
def chain(*args, **kwargs):
    return 1

2025-01-21 20:00:01,163 - celery.utils.functional - DEBUG - 
def xstarmap(task, it):
    return 1

2025-01-21 20:00:01,163 - celery.utils.functional - DEBUG - 
def accumulate(self, *args, **kwargs):
    return 1

2025-01-21 20:00:01,163 - celery.utils.functional - DEBUG - 
def execute_submission(language_id, source_code, stdin, expected_output):
    return 1

2025-01-21 20:00:01,163 - celery.utils.functional - DEBUG - 
def chord(self, header, body, partial_args=0, interval=1, countdown=2, max_retries=3, eager=4, **kwargs):
    return 1

2025-01-21 20:00:01,164 - celery.utils.functional - DEBUG - 
def chunks(task, it, n):
    return 1

2025-01-21 20:00:01,164 - celery.utils.functional - DEBUG - 
def unlock_chord(self, group_id, callback, interval=0, max_retries=1, result=2, Result=3, GroupResult=4, result_from_tuple=5, **kwargs):
    return 1

2025-01-21 20:00:01,164 - celery.utils.functional - DEBUG - 
def group(self, tasks, result, group_id, partial_args, add_to_parent=0):
    return 1

2025-01-21 20:00:01,164 - celery.utils.functional - DEBUG - 
def xmap(task, it):
    return 1

2025-01-21 20:00:24,422 - celery.utils.functional - DEBUG - 
def unlock_chord(self, group_id, callback, interval=0, max_retries=1, result=2, Result=3, GroupResult=4, result_from_tuple=5, **kwargs):
    return 1

2025-01-21 20:00:24,422 - celery.utils.functional - DEBUG - 
def group(self, tasks, result, group_id, partial_args, add_to_parent=0):
    return 1

2025-01-21 20:00:24,422 - celery.utils.functional - DEBUG - 
def xmap(task, it):
    return 1

2025-01-21 20:00:24,422 - celery.utils.functional - DEBUG - 
def backend_cleanup():
    return 1

2025-01-21 20:00:24,422 - celery.utils.functional - DEBUG - 
def chain(*args, **kwargs):
    return 1

2025-01-21 20:00:24,422 - celery.utils.functional - DEBUG - 
def xstarmap(task, it):
    return 1

2025-01-21 20:00:24,422 - celery.utils.functional - DEBUG - 
def accumulate(self, *args, **kwargs):
    return 1

2025-01-21 20:00:24,422 - celery.utils.functional - DEBUG - 
def execute_submission(language_id, source_code, stdin, expected_output):
    return 1

2025-01-21 20:00:24,422 - celery.utils.functional - DEBUG - 
def chord(self, header, body, partial_args=0, interval=1, countdown=2, max_retries=3, eager=4, **kwargs):
    return 1

2025-01-21 20:00:24,422 - celery.utils.functional - DEBUG - 
def chunks(task, it, n):
    return 1

2025-01-21 20:01:50,845 - celery.utils.functional - DEBUG - 
def unlock_chord(self, group_id, callback, interval=0, max_retries=1, result=2, Result=3, GroupResult=4, result_from_tuple=5, **kwargs):
    return 1

2025-01-21 20:01:50,845 - celery.utils.functional - DEBUG - 
def group(self, tasks, result, group_id, partial_args, add_to_parent=0):
    return 1

2025-01-21 20:01:50,845 - celery.utils.functional - DEBUG - 
def xmap(task, it):
    return 1

2025-01-21 20:01:50,845 - celery.utils.functional - DEBUG - 
def backend_cleanup():
    return 1

2025-01-21 20:01:50,845 - celery.utils.functional - DEBUG - 
def chain(*args, **kwargs):
    return 1

2025-01-21 20:01:50,845 - celery.utils.functional - DEBUG - 
def xstarmap(task, it):
    return 1

2025-01-21 20:01:50,845 - celery.utils.functional - DEBUG - 
def accumulate(self, *args, **kwargs):
    return 1

2025-01-21 20:01:50,845 - celery.utils.functional - DEBUG - 
def execute_submission(language_id, source_code, stdin, expected_output):
    return 1

2025-01-21 20:01:50,846 - celery.utils.functional - DEBUG - 
def chord(self, header, body, partial_args=0, interval=1, countdown=2, max_retries=3, eager=4, **kwargs):
    return 1

2025-01-21 20:01:50,846 - celery.utils.functional - DEBUG - 
def chunks(task, it, n):
    return 1

2025-01-21 20:01:55,222 - celery.utils.functional - DEBUG - 
def backend_cleanup():
    return 1

2025-01-21 20:01:55,223 - celery.utils.functional - DEBUG - 
def chain(*args, **kwargs):
    return 1

2025-01-21 20:01:55,223 - celery.utils.functional - DEBUG - 
def xstarmap(task, it):
    return 1

2025-01-21 20:01:55,223 - celery.utils.functional - DEBUG - 
def accumulate(self, *args, **kwargs):
    return 1

2025-01-21 20:01:55,223 - celery.utils.functional - DEBUG - 
def execute_submission(language_id, source_code, stdin, expected_output):
    return 1

2025-01-21 20:01:55,223 - celery.utils.functional - DEBUG - 
def chord(self, header, body, partial_args=0, interval=1, countdown=2, max_retries=3, eager=4, **kwargs):
    return 1

2025-01-21 20:01:55,223 - celery.utils.functional - DEBUG - 
def chunks(task, it, n):
    return 1

2025-01-21 20:01:55,224 - celery.utils.functional - DEBUG - 
def unlock_chord(self, group_id, callback, interval=0, max_retries=1, result=2, Result=3, GroupResult=4, result_from_tuple=5, **kwargs):
    return 1

2025-01-21 20:01:55,224 - celery.utils.functional - DEBUG - 
def group(self, tasks, result, group_id, partial_args, add_to_parent=0):
    return 1

2025-01-21 20:01:55,224 - celery.utils.functional - DEBUG - 
def xmap(task, it):
    return 1

